Using pre-set license
Built from '2022.3/staging' branch; Version is '2022.3.15f1 (b58023a2b463) revision 11894819'; Using compiler version '192829333'; Build Type 'Release'
OS: 'Windows 10  (10.0.19045) 64bit Professional' Language: 'en' Physical Memory: 16310 MB
BatchMode: 1, IsHumanControllingUs: 0, StartBugReporterOnCrash: 0, Is64bit: 1, IsPro: 1

COMMAND LINE ARGUMENTS:
C:\Program Files\Unity\Hub\Editor\2022.3.15f1\Editor\Unity.exe
-adb2
-batchMode
-noUpm
-name
AssetImportWorker6
-projectPath
C:/Users/Teddy/Documents/GitHub/JJ-Watermelon
-logFile
Logs/AssetImportWorker6.log
-srvPort
65048
Successfully changed project path to: C:/Users/Teddy/Documents/GitHub/JJ-Watermelon
C:/Users/Teddy/Documents/GitHub/JJ-Watermelon
[UnityMemory] Configuration Parameters - Can be set up in boot.config
    "memorysetup-bucket-allocator-granularity=16"
    "memorysetup-bucket-allocator-bucket-count=8"
    "memorysetup-bucket-allocator-block-size=33554432"
    "memorysetup-bucket-allocator-block-count=8"
    "memorysetup-main-allocator-block-size=16777216"
    "memorysetup-thread-allocator-block-size=16777216"
    "memorysetup-gfx-main-allocator-block-size=16777216"
    "memorysetup-gfx-thread-allocator-block-size=16777216"
    "memorysetup-cache-allocator-block-size=4194304"
    "memorysetup-typetree-allocator-block-size=2097152"
    "memorysetup-profiler-bucket-allocator-granularity=16"
    "memorysetup-profiler-bucket-allocator-bucket-count=8"
    "memorysetup-profiler-bucket-allocator-block-size=33554432"
    "memorysetup-profiler-bucket-allocator-block-count=8"
    "memorysetup-profiler-allocator-block-size=16777216"
    "memorysetup-profiler-editor-allocator-block-size=1048576"
    "memorysetup-temp-allocator-size-main=16777216"
    "memorysetup-job-temp-allocator-block-size=2097152"
    "memorysetup-job-temp-allocator-block-size-background=1048576"
    "memorysetup-job-temp-allocator-reduction-small-platforms=262144"
    "memorysetup-allocator-temp-initial-block-size-main=262144"
    "memorysetup-allocator-temp-initial-block-size-worker=262144"
    "memorysetup-temp-allocator-size-background-worker=32768"
    "memorysetup-temp-allocator-size-job-worker=262144"
    "memorysetup-temp-allocator-size-preload-manager=33554432"
    "memorysetup-temp-allocator-size-nav-mesh-worker=65536"
    "memorysetup-temp-allocator-size-audio-worker=65536"
    "memorysetup-temp-allocator-size-cloud-worker=32768"
    "memorysetup-temp-allocator-size-gi-baking-worker=262144"
    "memorysetup-temp-allocator-size-gfx=262144"
Player connection [26048] Host "[IP] 10.0.0.70 [Port] 0 [Flags] 2 [Guid] 1358320897 [EditorId] 1358320897 [Version] 1048832 [Id] WindowsEditor(7,DESKTOP-M5A9GL9) [Debug] 1 [PackageName] WindowsEditor [ProjectName] Editor" joined multi-casting on [225.0.0.222:54997]...

Player connection [26048] Host "[IP] 10.0.0.70 [Port] 0 [Flags] 2 [Guid] 1358320897 [EditorId] 1358320897 [Version] 1048832 [Id] WindowsEditor(7,DESKTOP-M5A9GL9) [Debug] 1 [PackageName] WindowsEditor [ProjectName] Editor" joined alternative multi-casting on [225.0.0.222:34997]...

[Physics::Module] Initialized MultithreadedJobDispatcher with 11 workers.
Refreshing native plugins compatible for Editor in 15.67 ms, found 4 plugins.
Preloading 0 native plugins for Editor in 0.00 ms.
Initialize engine version: 2022.3.15f1 (b58023a2b463)
[Subsystems] Discovering subsystems at path C:/Program Files/Unity/Hub/Editor/2022.3.15f1/Editor/Data/Resources/UnitySubsystems
[Subsystems] Discovering subsystems at path C:/Users/Teddy/Documents/GitHub/JJ-Watermelon/Assets
GfxDevice: creating device client; threaded=0; jobified=0
Direct3D:
    Version:  Direct3D 11.0 [level 11.1]
    Renderer: NVIDIA GeForce RTX 3070 (ID=0x2484)
    Vendor:   NVIDIA
    VRAM:     8031 MB
    Driver:   31.0.15.3623
Initialize mono
Mono path[0] = 'C:/Program Files/Unity/Hub/Editor/2022.3.15f1/Editor/Data/Managed'
Mono path[1] = 'C:/Program Files/Unity/Hub/Editor/2022.3.15f1/Editor/Data/MonoBleedingEdge/lib/mono/unityjit-win32'
Mono config path = 'C:/Program Files/Unity/Hub/Editor/2022.3.15f1/Editor/Data/MonoBleedingEdge/etc'
Using monoOptions --debugger-agent=transport=dt_socket,embedding=1,server=y,suspend=n,address=127.0.0.1:56356
Begin MonoManager ReloadAssembly
Registering precompiled unity dll's ...
Register platform support module: C:/Program Files/Unity/Hub/Editor/2022.3.15f1/Editor/Data/PlaybackEngines/WindowsStandaloneSupport/UnityEditor.WindowsStandalone.Extensions.dll
Registered in 0.010814 seconds.
- Loaded All Assemblies, in  0.337 seconds
Native extension for WindowsStandalone target not found
Mono: successfully reloaded assembly
- Finished resetting the current domain, in  0.270 seconds
Domain Reload Profiling: 605ms
	BeginReloadAssembly (103ms)
		ExecutionOrderSort (0ms)
		DisableScriptedObjects (0ms)
		BackupInstance (0ms)
		ReleaseScriptingObjects (0ms)
		CreateAndSetChildDomain (1ms)
	RebuildCommonClasses (34ms)
	RebuildNativeTypeToScriptingClass (11ms)
	initialDomainReloadingComplete (61ms)
	LoadAllAssembliesAndSetupDomain (126ms)
		LoadAssemblies (100ms)
		RebuildTransferFunctionScriptingTraits (0ms)
		AnalyzeDomain (124ms)
			TypeCache.Refresh (122ms)
				TypeCache.ScanAssembly (110ms)
			ScanForSourceGeneratedMonoScriptInfo (1ms)
			ResolveRequiredComponents (1ms)
	FinalizeReload (270ms)
		ReleaseScriptCaches (0ms)
		RebuildScriptCaches (0ms)
		SetupLoadedEditorAssemblies (215ms)
			LogAssemblyErrors (0ms)
			InitializePlatformSupportModulesInManaged (10ms)
			SetLoadedEditorAssemblies (7ms)
			RefreshPlugins (0ms)
			BeforeProcessingInitializeOnLoad (2ms)
			ProcessInitializeOnLoadAttributes (145ms)
			ProcessInitializeOnLoadMethodAttributes (51ms)
			AfterProcessingInitializeOnLoad (0ms)
			EditorAssembliesLoaded (0ms)
		ExecutionOrderSort2 (0ms)
		AwakeInstancesAfterBackupRestoration (0ms)
========================================================================
Worker process is ready to serve import requests
Begin MonoManager ReloadAssembly
- Loaded All Assemblies, in  0.711 seconds
Refreshing native plugins compatible for Editor in 6.21 ms, found 4 plugins.
Native extension for WindowsStandalone target not found
Package Manager log level set to [2]
[Package Manager] Server::EnsureServerProcessIsRunning -- launch failed, reason: Unity was launched with the -noUpm command-line argument
[Package Manager] UpmClient::Send -- Unable to send message (not connected to UPM process).
[Package Manager] Cannot connect to Unity Package Manager local server
Mono: successfully reloaded assembly
- Finished resetting the current domain, in  0.610 seconds
Domain Reload Profiling: 1317ms
	BeginReloadAssembly (169ms)
		ExecutionOrderSort (0ms)
		DisableScriptedObjects (5ms)
		BackupInstance (0ms)
		ReleaseScriptingObjects (0ms)
		CreateAndSetChildDomain (22ms)
	RebuildCommonClasses (37ms)
	RebuildNativeTypeToScriptingClass (12ms)
	initialDomainReloadingComplete (47ms)
	LoadAllAssembliesAndSetupDomain (439ms)
		LoadAssemblies (376ms)
		RebuildTransferFunctionScriptingTraits (0ms)
		AnalyzeDomain (167ms)
			TypeCache.Refresh (141ms)
				TypeCache.ScanAssembly (127ms)
			ScanForSourceGeneratedMonoScriptInfo (20ms)
			ResolveRequiredComponents (4ms)
	FinalizeReload (611ms)
		ReleaseScriptCaches (0ms)
		RebuildScriptCaches (0ms)
		SetupLoadedEditorAssemblies (465ms)
			LogAssemblyErrors (0ms)
			InitializePlatformSupportModulesInManaged (9ms)
			SetLoadedEditorAssemblies (4ms)
			RefreshPlugins (0ms)
			BeforeProcessingInitializeOnLoad (78ms)
			ProcessInitializeOnLoadAttributes (325ms)
			ProcessInitializeOnLoadMethodAttributes (40ms)
			AfterProcessingInitializeOnLoad (10ms)
			EditorAssembliesLoaded (0ms)
		ExecutionOrderSort2 (0ms)
		AwakeInstancesAfterBackupRestoration (6ms)
Launched and connected shader compiler UnityShaderCompiler.exe after 0.05 seconds
Refreshing native plugins compatible for Editor in 8.21 ms, found 4 plugins.
Preloading 0 native plugins for Editor in 0.00 ms.
Unloading 4030 Unused Serialized files (Serialized files now loaded: 0)
Unloading 64 unused Assets / (61.0 KB). Loaded Objects now: 4494.
Memory consumption went from 148.4 MB to 148.3 MB.
Total: 4.909800 ms (FindLiveObjects: 0.609100 ms CreateObjectMapping: 0.126300 ms MarkObjects: 3.971000 ms  DeleteObjects: 0.202100 ms)

AssetImportParameters requested are different than current active one (requested -> active):
  custom:container-demuxer-ogg: 62fdf1f143b41e24485cea50d1cbac27 -> 
  custom:video-codec-MediaFoundation-h265: 746d11721c4dcdbdad8f713fa42b33f4 -> 
  custom:video-decoder-ogg-theora: a1e56fd34408186e4bbccfd4996cb3dc -> 
  custom:framework-win-MediaFoundation: 216162199b28c13a410421893ffa2e32 -> 
  custom:CustomObjectIndexerAttribute: 43b350a4d6e6d1791af0b5038c4bea17 -> 
  custom:container-demuxer-webm: 4f35f7cbe854078d1ac9338744f61a02 -> 
  custom:container-muxer-webm: aa71ff27fc2769a1b78a27578f13a17b -> 
  custom:video-decoder-webm-vp8: 9c59270c3fd7afecdb556c50c9e8de78 -> 
  custom:SearchIndexIgnoredProperties: e643bd26f0fe6173181afceb89e7c659 -> 
  custom:AudioImporter_EditorPlatform: d09bf68614088b80899f8185d706f6e7 -> 
  custom:video-encoder-webm-vp8: eb34c28f22e8b96e1ab97ce403110664 -> 
  custom:audio-decoder-ogg-vorbis: bf7c407c2cedff20999df2af8eb42d56 -> 
  custom:audio-encoder-webm-vorbis: bf7c407c2cedff20999df2af8eb42d56 -> 
========================================================================
Received Import Request.
  Time since last request: 118495.585026 seconds.
  path: Assets/Scenes/Level1.unity
  artifactKey: Guid(fba513c4987b0d6488cfc477cd0d178e) Importer(815301076,1909f56bfc062723c751e8b465ee728b)
Start importing Assets/Scenes/Level1.unity using Guid(fba513c4987b0d6488cfc477cd0d178e) Importer(815301076,1909f56bfc062723c751e8b465ee728b)  -> (artifact id: '9f7c5c3b899105c659b236a552592e6b') in 0.002566 seconds
Number of updated asset objects reloaded before import = 0
Number of asset objects unloaded after import = 0
========================================================================
Received Import Request.
  Time since last request: 59.781388 seconds.
  path: Assets/Free Voxel Christmas Pack/Scenes/Snowman_Head_3 (1) Variant.prefab
  artifactKey: Guid(f3c0fd8d878b9c94bb38f8d3750e3c3c) Importer(815301076,1909f56bfc062723c751e8b465ee728b)
Start importing Assets/Free Voxel Christmas Pack/Scenes/Snowman_Head_3 (1) Variant.prefab using Guid(f3c0fd8d878b9c94bb38f8d3750e3c3c) Importer(815301076,1909f56bfc062723c751e8b465ee728b)  -> (artifact id: 'bc2bb6ab35111ed2801b20a2310c5325') in 0.107111 seconds
Number of updated asset objects reloaded before import = 0
Number of asset objects unloaded after import = 21
========================================================================
Received Import Request.
  Time since last request: 0.000027 seconds.
  path: Assets/Free Voxel Christmas Pack/Scenes/Snowman_Hat_3 (1) Variant.prefab
  artifactKey: Guid(c57e2b89a18f9b6479c7c0b47105022a) Importer(815301076,1909f56bfc062723c751e8b465ee728b)
Start importing Assets/Free Voxel Christmas Pack/Scenes/Snowman_Hat_3 (1) Variant.prefab using Guid(c57e2b89a18f9b6479c7c0b47105022a) Importer(815301076,1909f56bfc062723c751e8b465ee728b)  -> (artifact id: '628a16b171b47f93ad4d84026e4e75bc') in 0.018593 seconds
Number of updated asset objects reloaded before import = 0
Number of asset objects unloaded after import = 21
========================================================================
Received Import Request.
  Time since last request: 49.531570 seconds.
  path: Assets/Free Voxel Christmas Pack/Scenes/Demo_Scene.unity
  artifactKey: Guid(9fc0d4010bbf28b4594072e72b8655ab) Importer(815301076,1909f56bfc062723c751e8b465ee728b)
Start importing Assets/Free Voxel Christmas Pack/Scenes/Demo_Scene.unity using Guid(9fc0d4010bbf28b4594072e72b8655ab) Importer(815301076,1909f56bfc062723c751e8b465ee728b)  -> (artifact id: 'bae1793f2d90962f7ac60b178a6dfe1b') in 0.000536 seconds
Number of updated asset objects reloaded before import = 0
Number of asset objects unloaded after import = 0
========================================================================
Received Import Request.
  Time since last request: 141.839582 seconds.
  path: Assets/Free Voxel Christmas Pack/Scenes/GameObject.prefab
  artifactKey: Guid(47902160edb0a4240a365c731a81d2f4) Importer(815301076,1909f56bfc062723c751e8b465ee728b)
Start importing Assets/Free Voxel Christmas Pack/Scenes/GameObject.prefab using Guid(47902160edb0a4240a365c731a81d2f4) Importer(815301076,1909f56bfc062723c751e8b465ee728b)  -> (artifact id: '781ca92ea3c71057068252abd0a8d9b8') in 0.019003 seconds
Number of updated asset objects reloaded before import = 0
Number of asset objects unloaded after import = 57
========================================================================
Received Import Request.
  Time since last request: 116.088615 seconds.
  path: Assets/Free Voxel Christmas Pack/Scenes/Demo_Scene.unity
  artifactKey: Guid(9fc0d4010bbf28b4594072e72b8655ab) Importer(815301076,1909f56bfc062723c751e8b465ee728b)
Start importing Assets/Free Voxel Christmas Pack/Scenes/Demo_Scene.unity using Guid(9fc0d4010bbf28b4594072e72b8655ab) Importer(815301076,1909f56bfc062723c751e8b465ee728b)  -> (artifact id: 'c35a68001dae2abb3f87ae625f5c71df') in 0.000570 seconds
Number of updated asset objects reloaded before import = 0
Number of asset objects unloaded after import = 0
========================================================================
Received Import Request.
  Time since last request: 19.637057 seconds.
  path: Assets/Free Voxel Christmas Pack/Prefabs/Snowmans/GameObject.prefab
  artifactKey: Guid(5097f782738751f498aa34a051030420) Importer(815301076,1909f56bfc062723c751e8b465ee728b)
Start importing Assets/Free Voxel Christmas Pack/Prefabs/Snowmans/GameObject.prefab using Guid(5097f782738751f498aa34a051030420) Importer(815301076,1909f56bfc062723c751e8b465ee728b)  -> (artifact id: '608024eecf87b26a2ddedd3752c2fe64') in 0.010273 seconds
Number of updated asset objects reloaded before import = 0
Number of asset objects unloaded after import = 57
========================================================================
Received Import Request.
  Time since last request: 45.548763 seconds.
  path: Assets/Free Voxel Christmas Pack/Prefabs/Snowmans/Snowman1.prefab
  artifactKey: Guid(5097f782738751f498aa34a051030420) Importer(815301076,1909f56bfc062723c751e8b465ee728b)
Start importing Assets/Free Voxel Christmas Pack/Prefabs/Snowmans/Snowman1.prefab using Guid(5097f782738751f498aa34a051030420) Importer(815301076,1909f56bfc062723c751e8b465ee728b)  -> (artifact id: 'df8494fd2e98895442244fb021f745c0') in 0.008686 seconds
Number of updated asset objects reloaded before import = 0
Number of asset objects unloaded after import = 57
========================================================================
Received Import Request.
  Time since last request: 32.515359 seconds.
  path: Assets/Free Voxel Christmas Pack/Materials
  artifactKey: Guid(1b8067b38d09b9e4db36aa02cc641bb0) Importer(815301076,1909f56bfc062723c751e8b465ee728b)
Start importing Assets/Free Voxel Christmas Pack/Materials using Guid(1b8067b38d09b9e4db36aa02cc641bb0) Importer(815301076,1909f56bfc062723c751e8b465ee728b)  -> (artifact id: 'ce012a258b0591a201ed1555f98f95ba') in 0.000562 seconds
Number of updated asset objects reloaded before import = 0
Number of asset objects unloaded after import = 0
========================================================================
Received Import Request.
  Time since last request: 73.661999 seconds.
  path: Assets/Free Voxel Christmas Pack/Models/Snowmans/Snowman2.prefab
  artifactKey: Guid(f75b8d006826eec42817b6d3e0ffe159) Importer(815301076,1909f56bfc062723c751e8b465ee728b)
Start importing Assets/Free Voxel Christmas Pack/Models/Snowmans/Snowman2.prefab using Guid(f75b8d006826eec42817b6d3e0ffe159) Importer(815301076,1909f56bfc062723c751e8b465ee728b)  -> (artifact id: '05b565351c1339e7e7ee684814170ee0') in 0.016308 seconds
Number of updated asset objects reloaded before import = 0
Number of asset objects unloaded after import = 57
========================================================================
Received Import Request.
  Time since last request: 2.916999 seconds.
  path: Assets/Free Voxel Christmas Pack/Models/Snowmans/Snowman3.prefab
  artifactKey: Guid(83a9fb5a9a9af804c9bdbfa7b7ed419a) Importer(815301076,1909f56bfc062723c751e8b465ee728b)
Start importing Assets/Free Voxel Christmas Pack/Models/Snowmans/Snowman3.prefab using Guid(83a9fb5a9a9af804c9bdbfa7b7ed419a) Importer(815301076,1909f56bfc062723c751e8b465ee728b)  -> (artifact id: '4f1ec2eed70aa5435984786d216ddafa') in 0.015681 seconds
Number of updated asset objects reloaded before import = 0
Number of asset objects unloaded after import = 57
========================================================================
Received Import Request.
  Time since last request: 7.803042 seconds.
  path: Assets/Scenes/Level1.unity
  artifactKey: Guid(fba513c4987b0d6488cfc477cd0d178e) Importer(815301076,1909f56bfc062723c751e8b465ee728b)
Start importing Assets/Scenes/Level1.unity using Guid(fba513c4987b0d6488cfc477cd0d178e) Importer(815301076,1909f56bfc062723c751e8b465ee728b)  -> (artifact id: '746e9e84cd8a5c28b49eb74f3a7f8839') in 0.000606 seconds
Number of updated asset objects reloaded before import = 0
Number of asset objects unloaded after import = 0
========================================================================
Received Import Request.
  Time since last request: 18.587467 seconds.
  path: Assets/Free Voxel Christmas Pack/Scenes/Demo_Scene.unity
  artifactKey: Guid(9fc0d4010bbf28b4594072e72b8655ab) Importer(815301076,1909f56bfc062723c751e8b465ee728b)
Start importing Assets/Free Voxel Christmas Pack/Scenes/Demo_Scene.unity using Guid(9fc0d4010bbf28b4594072e72b8655ab) Importer(815301076,1909f56bfc062723c751e8b465ee728b)  -> (artifact id: '85c55609ea215b5e6ed68085711435f8') in 0.000563 seconds
Number of updated asset objects reloaded before import = 0
Number of asset objects unloaded after import = 0
========================================================================
Received Import Request.
  Time since last request: 28.075889 seconds.
  path: Assets/Free Voxel Christmas Pack/Models/Christmas_Trees
  artifactKey: Guid(8f7cea4a60f839b438e8c3576108520c) Importer(815301076,1909f56bfc062723c751e8b465ee728b)
Start importing Assets/Free Voxel Christmas Pack/Models/Christmas_Trees using Guid(8f7cea4a60f839b438e8c3576108520c) Importer(815301076,1909f56bfc062723c751e8b465ee728b)  -> (artifact id: '5d667febb7843e9a05b03855180b63e6') in 0.000522 seconds
Number of updated asset objects reloaded before import = 0
Number of asset objects unloaded after import = 0
========================================================================
Received Import Request.
  Time since last request: 4.255311 seconds.
  path: Assets/Free Voxel Christmas Pack/Models/Environment
  artifactKey: Guid(4e422d4b4a457e741a80def8737ef7fe) Importer(815301076,1909f56bfc062723c751e8b465ee728b)
Start importing Assets/Free Voxel Christmas Pack/Models/Environment using Guid(4e422d4b4a457e741a80def8737ef7fe) Importer(815301076,1909f56bfc062723c751e8b465ee728b)  -> (artifact id: 'bfed3248a4b9dd3d9a77242ba2b05eab') in 0.000544 seconds
Number of updated asset objects reloaded before import = 0
Number of asset objects unloaded after import = 0
========================================================================
Received Import Request.
  Time since last request: 58.664017 seconds.
  path: Assets/Free Voxel Christmas Pack/Prefabs/Snowmans/Snowman2.prefab
  artifactKey: Guid(46f22a9ffd225e24789195706fbe0262) Importer(815301076,1909f56bfc062723c751e8b465ee728b)
Start importing Assets/Free Voxel Christmas Pack/Prefabs/Snowmans/Snowman2.prefab using Guid(46f22a9ffd225e24789195706fbe0262) Importer(815301076,1909f56bfc062723c751e8b465ee728b)  -> (artifact id: 'b2b168bde7c12fb563c1faf0b771c26b') in 0.015216 seconds
Number of updated asset objects reloaded before import = 0
Number of asset objects unloaded after import = 57
========================================================================
Received Import Request.
  Time since last request: 1.286569 seconds.
  path: Assets/Free Voxel Christmas Pack/Prefabs/Snowmans/Snowman3.prefab
  artifactKey: Guid(d8613cdd14070164c8fe0a19b79c81b9) Importer(815301076,1909f56bfc062723c751e8b465ee728b)
Start importing Assets/Free Voxel Christmas Pack/Prefabs/Snowmans/Snowman3.prefab using Guid(d8613cdd14070164c8fe0a19b79c81b9) Importer(815301076,1909f56bfc062723c751e8b465ee728b)  -> (artifact id: 'ff7bb6d94032be799b7b89d79e8da2ba') in 0.016287 seconds
Number of updated asset objects reloaded before import = 0
Number of asset objects unloaded after import = 57
