Using pre-set license
Built from '2022.3/staging' branch; Version is '2022.3.15f1 (b58023a2b463) revision 11894819'; Using compiler version '192829333'; Build Type 'Release'
OS: 'Windows 11  (10.0.22621) 64bit Core' Language: 'en' Physical Memory: 65229 MB
BatchMode: 1, IsHumanControllingUs: 0, StartBugReporterOnCrash: 0, Is64bit: 1, IsPro: 1

COMMAND LINE ARGUMENTS:
C:\Program Files\Unity\Hub\Editor\2022.3.15f1\Editor\Unity.exe
-adb2
-batchMode
-noUpm
-name
AssetImportWorker2
-projectPath
C:/Users/donat/Desktop/Dev/Unity/JJ-Watermelon
-logFile
Logs/AssetImportWorker2.log
-srvPort
60937
Successfully changed project path to: C:/Users/donat/Desktop/Dev/Unity/JJ-Watermelon
C:/Users/donat/Desktop/Dev/Unity/JJ-Watermelon
[UnityMemory] Configuration Parameters - Can be set up in boot.config
    "memorysetup-bucket-allocator-granularity=16"
    "memorysetup-bucket-allocator-bucket-count=8"
    "memorysetup-bucket-allocator-block-size=33554432"
    "memorysetup-bucket-allocator-block-count=8"
    "memorysetup-main-allocator-block-size=16777216"
    "memorysetup-thread-allocator-block-size=16777216"
    "memorysetup-gfx-main-allocator-block-size=16777216"
    "memorysetup-gfx-thread-allocator-block-size=16777216"
    "memorysetup-cache-allocator-block-size=4194304"
    "memorysetup-typetree-allocator-block-size=2097152"
    "memorysetup-profiler-bucket-allocator-granularity=16"
    "memorysetup-profiler-bucket-allocator-bucket-count=8"
    "memorysetup-profiler-bucket-allocator-block-size=33554432"
    "memorysetup-profiler-bucket-allocator-block-count=8"
    "memorysetup-profiler-allocator-block-size=16777216"
    "memorysetup-profiler-editor-allocator-block-size=1048576"
    "memorysetup-temp-allocator-size-main=16777216"
    "memorysetup-job-temp-allocator-block-size=2097152"
    "memorysetup-job-temp-allocator-block-size-background=1048576"
    "memorysetup-job-temp-allocator-reduction-small-platforms=262144"
    "memorysetup-allocator-temp-initial-block-size-main=262144"
    "memorysetup-allocator-temp-initial-block-size-worker=262144"
    "memorysetup-temp-allocator-size-background-worker=32768"
    "memorysetup-temp-allocator-size-job-worker=262144"
    "memorysetup-temp-allocator-size-preload-manager=33554432"
    "memorysetup-temp-allocator-size-nav-mesh-worker=65536"
    "memorysetup-temp-allocator-size-audio-worker=65536"
    "memorysetup-temp-allocator-size-cloud-worker=32768"
    "memorysetup-temp-allocator-size-gi-baking-worker=262144"
    "memorysetup-temp-allocator-size-gfx=262144"
Player connection [52988] Host "[IP] 192.168.1.196 [Port] 0 [Flags] 2 [Guid] 3964848812 [EditorId] 3964848812 [Version] 1048832 [Id] WindowsEditor(7,Don) [Debug] 1 [PackageName] WindowsEditor [ProjectName] Editor" joined multi-casting on [225.0.0.222:54997]...

Player connection [52988] Host "[IP] 192.168.1.196 [Port] 0 [Flags] 2 [Guid] 3964848812 [EditorId] 3964848812 [Version] 1048832 [Id] WindowsEditor(7,Don) [Debug] 1 [PackageName] WindowsEditor [ProjectName] Editor" joined alternative multi-casting on [225.0.0.222:34997]...

[Physics::Module] Initialized MultithreadedJobDispatcher with 23 workers.
Refreshing native plugins compatible for Editor in 9.96 ms, found 4 plugins.
Preloading 0 native plugins for Editor in 0.00 ms.
Initialize engine version: 2022.3.15f1 (b58023a2b463)
[Subsystems] Discovering subsystems at path C:/Program Files/Unity/Hub/Editor/2022.3.15f1/Editor/Data/Resources/UnitySubsystems
[Subsystems] Discovering subsystems at path C:/Users/donat/Desktop/Dev/Unity/JJ-Watermelon/Assets
GfxDevice: creating device client; threaded=0; jobified=0
Direct3D:
    Version:  Direct3D 11.0 [level 11.1]
    Renderer: NVIDIA GeForce RTX 4060 Laptop GPU (ID=0x28e0)
    Vendor:   NVIDIA
    VRAM:     7972 MB
    Driver:   31.0.15.4584
Initialize mono
Mono path[0] = 'C:/Program Files/Unity/Hub/Editor/2022.3.15f1/Editor/Data/Managed'
Mono path[1] = 'C:/Program Files/Unity/Hub/Editor/2022.3.15f1/Editor/Data/MonoBleedingEdge/lib/mono/unityjit-win32'
Mono config path = 'C:/Program Files/Unity/Hub/Editor/2022.3.15f1/Editor/Data/MonoBleedingEdge/etc'
Using monoOptions --debugger-agent=transport=dt_socket,embedding=1,server=y,suspend=n,address=127.0.0.1:56644
Begin MonoManager ReloadAssembly
Registering precompiled unity dll's ...
Register platform support module: C:/Program Files/Unity/Hub/Editor/2022.3.15f1/Editor/Data/PlaybackEngines/WebGLSupport/UnityEditor.WebGL.Extensions.dll
Register platform support module: C:/Program Files/Unity/Hub/Editor/2022.3.15f1/Editor/Data/PlaybackEngines/WindowsStandaloneSupport/UnityEditor.WindowsStandalone.Extensions.dll
Registered in 0.006156 seconds.
- Loaded All Assemblies, in  0.327 seconds
Native extension for WindowsStandalone target not found
Native extension for WebGL target not found
Mono: successfully reloaded assembly
- Finished resetting the current domain, in  0.272 seconds
Domain Reload Profiling: 598ms
	BeginReloadAssembly (100ms)
		ExecutionOrderSort (0ms)
		DisableScriptedObjects (0ms)
		BackupInstance (0ms)
		ReleaseScriptingObjects (0ms)
		CreateAndSetChildDomain (1ms)
	RebuildCommonClasses (33ms)
	RebuildNativeTypeToScriptingClass (10ms)
	initialDomainReloadingComplete (55ms)
	LoadAllAssembliesAndSetupDomain (128ms)
		LoadAssemblies (99ms)
		RebuildTransferFunctionScriptingTraits (0ms)
		AnalyzeDomain (126ms)
			TypeCache.Refresh (125ms)
				TypeCache.ScanAssembly (113ms)
			ScanForSourceGeneratedMonoScriptInfo (0ms)
			ResolveRequiredComponents (0ms)
	FinalizeReload (272ms)
		ReleaseScriptCaches (0ms)
		RebuildScriptCaches (0ms)
		SetupLoadedEditorAssemblies (215ms)
			LogAssemblyErrors (0ms)
			InitializePlatformSupportModulesInManaged (10ms)
			SetLoadedEditorAssemblies (6ms)
			RefreshPlugins (0ms)
			BeforeProcessingInitializeOnLoad (2ms)
			ProcessInitializeOnLoadAttributes (151ms)
			ProcessInitializeOnLoadMethodAttributes (46ms)
			AfterProcessingInitializeOnLoad (0ms)
			EditorAssembliesLoaded (0ms)
		ExecutionOrderSort2 (0ms)
		AwakeInstancesAfterBackupRestoration (0ms)
========================================================================
Worker process is ready to serve import requests
Begin MonoManager ReloadAssembly
- Loaded All Assemblies, in  0.601 seconds
Refreshing native plugins compatible for Editor in 3.48 ms, found 4 plugins.
Native extension for WindowsStandalone target not found
Native extension for WebGL target not found
Package Manager log level set to [2]
[Package Manager] Server::EnsureServerProcessIsRunning -- launch failed, reason: Unity was launched with the -noUpm command-line argument
[Package Manager] UpmClient::Send -- Unable to send message (not connected to UPM process).
[Package Manager] Cannot connect to Unity Package Manager local server
Mono: successfully reloaded assembly
- Finished resetting the current domain, in  0.860 seconds
Domain Reload Profiling: 1459ms
	BeginReloadAssembly (137ms)
		ExecutionOrderSort (0ms)
		DisableScriptedObjects (5ms)
		BackupInstance (0ms)
		ReleaseScriptingObjects (0ms)
		CreateAndSetChildDomain (19ms)
	RebuildCommonClasses (31ms)
	RebuildNativeTypeToScriptingClass (9ms)
	initialDomainReloadingComplete (37ms)
	LoadAllAssembliesAndSetupDomain (385ms)
		LoadAssemblies (288ms)
		RebuildTransferFunctionScriptingTraits (0ms)
		AnalyzeDomain (175ms)
			TypeCache.Refresh (149ms)
				TypeCache.ScanAssembly (135ms)
			ScanForSourceGeneratedMonoScriptInfo (21ms)
			ResolveRequiredComponents (5ms)
	FinalizeReload (861ms)
		ReleaseScriptCaches (0ms)
		RebuildScriptCaches (0ms)
		SetupLoadedEditorAssemblies (676ms)
			LogAssemblyErrors (0ms)
			InitializePlatformSupportModulesInManaged (11ms)
			SetLoadedEditorAssemblies (7ms)
			RefreshPlugins (0ms)
			BeforeProcessingInitializeOnLoad (73ms)
			ProcessInitializeOnLoadAttributes (548ms)
			ProcessInitializeOnLoadMethodAttributes (32ms)
			AfterProcessingInitializeOnLoad (5ms)
			EditorAssembliesLoaded (0ms)
		ExecutionOrderSort2 (0ms)
		AwakeInstancesAfterBackupRestoration (8ms)
Launched and connected shader compiler UnityShaderCompiler.exe after 0.05 seconds
Refreshing native plugins compatible for Editor in 3.89 ms, found 4 plugins.
Preloading 0 native plugins for Editor in 0.00 ms.
Unloading 4577 Unused Serialized files (Serialized files now loaded: 0)
Unloading 84 unused Assets / (136.4 KB). Loaded Objects now: 5041.
Memory consumption went from 160.6 MB to 160.5 MB.
Total: 5.466900 ms (FindLiveObjects: 0.583000 ms CreateObjectMapping: 0.203000 ms MarkObjects: 4.492100 ms  DeleteObjects: 0.186900 ms)

AssetImportParameters requested are different than current active one (requested -> active):
  custom:container-demuxer-ogg: 62fdf1f143b41e24485cea50d1cbac27 -> 
  custom:video-codec-MediaFoundation-h265: 746d11721c4dcdbdad8f713fa42b33f4 -> 
  custom:video-decoder-ogg-theora: a1e56fd34408186e4bbccfd4996cb3dc -> 
  custom:framework-win-MediaFoundation: 216162199b28c13a410421893ffa2e32 -> 
  custom:CustomObjectIndexerAttribute: 43b350a4d6e6d1791af0b5038c4bea17 -> 
  custom:container-demuxer-webm: 4f35f7cbe854078d1ac9338744f61a02 -> 
  custom:container-muxer-webm: aa71ff27fc2769a1b78a27578f13a17b -> 
  custom:video-decoder-webm-vp8: 9c59270c3fd7afecdb556c50c9e8de78 -> 
  custom:SearchIndexIgnoredProperties: e643bd26f0fe6173181afceb89e7c659 -> 
  custom:AudioImporter_EditorPlatform: d09bf68614088b80899f8185d706f6e7 -> 
  custom:video-encoder-webm-vp8: eb34c28f22e8b96e1ab97ce403110664 -> 
  custom:audio-decoder-ogg-vorbis: bf7c407c2cedff20999df2af8eb42d56 -> 
  custom:audio-encoder-webm-vorbis: bf7c407c2cedff20999df2af8eb42d56 -> 
========================================================================
Received Import Request.
  Time since last request: 316861.088637 seconds.
  path: Assets/Scripts
  artifactKey: Guid(40ad01bb8c6157f448cebc87e2cc578a) Importer(815301076,1909f56bfc062723c751e8b465ee728b)
Start importing Assets/Scripts using Guid(40ad01bb8c6157f448cebc87e2cc578a) Importer(815301076,1909f56bfc062723c751e8b465ee728b)  -> (artifact id: '2cbf25a1344a5467b7707f987d94f968') in 0.005166 seconds
Number of updated asset objects reloaded before import = 0
Number of asset objects unloaded after import = 0
========================================================================
Received Import Request.
  Time since last request: 6.765476 seconds.
  path: Assets/Scripts/Fog.cs
  artifactKey: Guid(c77ffb8fa46ae55439f82068e4446c55) Importer(815301076,1909f56bfc062723c751e8b465ee728b)
Start importing Assets/Scripts/Fog.cs using Guid(c77ffb8fa46ae55439f82068e4446c55) Importer(815301076,1909f56bfc062723c751e8b465ee728b)  -> (artifact id: 'eee4d9cb49adcc5d81296a236abf4c41') in 0.000466 seconds
Number of updated asset objects reloaded before import = 0
Number of asset objects unloaded after import = 0
========================================================================
Received Prepare
Begin MonoManager ReloadAssembly
- Loaded All Assemblies, in  0.917 seconds
Refreshing native plugins compatible for Editor in 3.26 ms, found 4 plugins.
Native extension for WindowsStandalone target not found
Native extension for WebGL target not found
[Package Manager] Server::EnsureServerProcessIsRunning -- launch failed, reason: Unity was launched with the -noUpm command-line argument
[Package Manager] UpmClient::Send -- Unable to send message (not connected to UPM process).
[Package Manager] Cannot connect to Unity Package Manager local server
Mono: successfully reloaded assembly
- Finished resetting the current domain, in  0.896 seconds
Domain Reload Profiling: 1807ms
	BeginReloadAssembly (285ms)
		ExecutionOrderSort (0ms)
		DisableScriptedObjects (30ms)
		BackupInstance (0ms)
		ReleaseScriptingObjects (0ms)
		CreateAndSetChildDomain (54ms)
	RebuildCommonClasses (57ms)
	RebuildNativeTypeToScriptingClass (27ms)
	initialDomainReloadingComplete (60ms)
	LoadAllAssembliesAndSetupDomain (481ms)
		LoadAssemblies (586ms)
		RebuildTransferFunctionScriptingTraits (0ms)
		AnalyzeDomain (39ms)
			TypeCache.Refresh (16ms)
				TypeCache.ScanAssembly (0ms)
			ScanForSourceGeneratedMonoScriptInfo (16ms)
			ResolveRequiredComponents (6ms)
	FinalizeReload (896ms)
		ReleaseScriptCaches (0ms)
		RebuildScriptCaches (0ms)
		SetupLoadedEditorAssemblies (475ms)
			LogAssemblyErrors (0ms)
			InitializePlatformSupportModulesInManaged (7ms)
			SetLoadedEditorAssemblies (4ms)
			RefreshPlugins (0ms)
			BeforeProcessingInitializeOnLoad (71ms)
			ProcessInitializeOnLoadAttributes (358ms)
			ProcessInitializeOnLoadMethodAttributes (30ms)
			AfterProcessingInitializeOnLoad (5ms)
			EditorAssembliesLoaded (0ms)
		ExecutionOrderSort2 (0ms)
		AwakeInstancesAfterBackupRestoration (13ms)
Refreshing native plugins compatible for Editor in 3.68 ms, found 4 plugins.
Preloading 0 native plugins for Editor in 0.00 ms.
Unloading 4551 Unused Serialized files (Serialized files now loaded: 0)
Unloading 38 unused Assets / (106.9 KB). Loaded Objects now: 5059.
Memory consumption went from 156.2 MB to 156.0 MB.
Total: 3.406600 ms (FindLiveObjects: 0.231900 ms CreateObjectMapping: 0.140100 ms MarkObjects: 2.967700 ms  DeleteObjects: 0.065800 ms)

Prepare: number of updated asset objects reloaded= 0
AssetImportParameters requested are different than current active one (requested -> active):
  custom:container-demuxer-ogg: 62fdf1f143b41e24485cea50d1cbac27 -> 
  custom:video-codec-MediaFoundation-h265: 746d11721c4dcdbdad8f713fa42b33f4 -> 
  custom:video-decoder-ogg-theora: a1e56fd34408186e4bbccfd4996cb3dc -> 
  custom:framework-win-MediaFoundation: 216162199b28c13a410421893ffa2e32 -> 
  custom:CustomObjectIndexerAttribute: 43b350a4d6e6d1791af0b5038c4bea17 -> 
  custom:container-demuxer-webm: 4f35f7cbe854078d1ac9338744f61a02 -> 
  custom:container-muxer-webm: aa71ff27fc2769a1b78a27578f13a17b -> 
  custom:video-decoder-webm-vp8: 9c59270c3fd7afecdb556c50c9e8de78 -> 
  custom:SearchIndexIgnoredProperties: e643bd26f0fe6173181afceb89e7c659 -> 
  custom:AudioImporter_EditorPlatform: d09bf68614088b80899f8185d706f6e7 -> 
  custom:video-encoder-webm-vp8: eb34c28f22e8b96e1ab97ce403110664 -> 
  custom:audio-decoder-ogg-vorbis: bf7c407c2cedff20999df2af8eb42d56 -> 
  custom:audio-encoder-webm-vorbis: bf7c407c2cedff20999df2af8eb42d56 -> 
========================================================================
Received Import Request.
  Time since last request: 18.577639 seconds.
  path: Assets/Scripts/Fog.cs
  artifactKey: Guid(c77ffb8fa46ae55439f82068e4446c55) Importer(815301076,1909f56bfc062723c751e8b465ee728b)
Start importing Assets/Scripts/Fog.cs using Guid(c77ffb8fa46ae55439f82068e4446c55) Importer(815301076,1909f56bfc062723c751e8b465ee728b)  -> (artifact id: '3dc8a7cc6d16e1156d68b660cf49bdae') in 0.002575 seconds
Number of updated asset objects reloaded before import = 0
Number of asset objects unloaded after import = 0
========================================================================
Received Import Request.
  Time since last request: 76.292621 seconds.
  path: Assets
  artifactKey: Guid(00000000000000001000000000000000) Importer(815301076,1909f56bfc062723c751e8b465ee728b)
Start importing Assets using Guid(00000000000000001000000000000000) Importer(815301076,1909f56bfc062723c751e8b465ee728b)  -> (artifact id: '8a4fe85251aa2e89732c359432baa2c3') in 0.001073 seconds
Number of updated asset objects reloaded before import = 0
Number of asset objects unloaded after import = 0
========================================================================
Received Import Request.
  Time since last request: 4.094067 seconds.
  path: Assets/Shader
  artifactKey: Guid(135b602e8bc43cc4e9580244b44122cd) Importer(815301076,1909f56bfc062723c751e8b465ee728b)
Start importing Assets/Shader using Guid(135b602e8bc43cc4e9580244b44122cd) Importer(815301076,1909f56bfc062723c751e8b465ee728b)  -> (artifact id: '805c7e16a1c537ecc71896e47f43d26c') in 0.000606 seconds
Number of updated asset objects reloaded before import = 0
Number of asset objects unloaded after import = 0
========================================================================
Received Import Request.
  Time since last request: 17.099762 seconds.
  path: Assets/Shader/FOg.shader
  artifactKey: Guid(aa9c4ac10f167ba4697c8dca858b231d) Importer(815301076,1909f56bfc062723c751e8b465ee728b)
Start importing Assets/Shader/FOg.shader using Guid(aa9c4ac10f167ba4697c8dca858b231d) Importer(815301076,1909f56bfc062723c751e8b465ee728b)  -> (artifact id: '3eda53a9b13333a5bccc1cc8c0573391') in 0.011425 seconds
Number of updated asset objects reloaded before import = 0
Number of asset objects unloaded after import = 1
========================================================================
Received Import Request.
  Time since last request: 8.598551 seconds.
  path: Assets/Shader/Fog.shader
  artifactKey: Guid(aa9c4ac10f167ba4697c8dca858b231d) Importer(815301076,1909f56bfc062723c751e8b465ee728b)
Start importing Assets/Shader/Fog.shader using Guid(aa9c4ac10f167ba4697c8dca858b231d) Importer(815301076,1909f56bfc062723c751e8b465ee728b)  -> (artifact id: 'aa38e91099bdd6412605f075f90b331a') in 0.001806 seconds
Number of updated asset objects reloaded before import = 0
Number of asset objects unloaded after import = 1
========================================================================
Received Import Request.
  Time since last request: 44.148239 seconds.
  path: Assets/Shader/Fog.shader
  artifactKey: Guid(aa9c4ac10f167ba4697c8dca858b231d) Importer(815301076,1909f56bfc062723c751e8b465ee728b)
Start importing Assets/Shader/Fog.shader using Guid(aa9c4ac10f167ba4697c8dca858b231d) Importer(815301076,1909f56bfc062723c751e8b465ee728b)  -> (artifact id: '45c511dd4e2edff50454a6e5b72ec839') in 0.002701 seconds
Number of updated asset objects reloaded before import = 0
Number of asset objects unloaded after import = 1
========================================================================
Received Prepare
Begin MonoManager ReloadAssembly
- Loaded All Assemblies, in  0.456 seconds
Refreshing native plugins compatible for Editor in 4.32 ms, found 4 plugins.
Native extension for WindowsStandalone target not found
Native extension for WebGL target not found
[Package Manager] Server::EnsureServerProcessIsRunning -- launch failed, reason: Unity was launched with the -noUpm command-line argument
[Package Manager] UpmClient::Send -- Unable to send message (not connected to UPM process).
[Package Manager] Cannot connect to Unity Package Manager local server
Mono: successfully reloaded assembly
- Finished resetting the current domain, in  0.929 seconds
Domain Reload Profiling: 1383ms
	BeginReloadAssembly (154ms)
		ExecutionOrderSort (0ms)
		DisableScriptedObjects (11ms)
		BackupInstance (0ms)
		ReleaseScriptingObjects (0ms)
		CreateAndSetChildDomain (35ms)
	RebuildCommonClasses (30ms)
	RebuildNativeTypeToScriptingClass (11ms)
	initialDomainReloadingComplete (26ms)
	LoadAllAssembliesAndSetupDomain (233ms)
		LoadAssemblies (275ms)
		RebuildTransferFunctionScriptingTraits (0ms)
		AnalyzeDomain (36ms)
			TypeCache.Refresh (9ms)
				TypeCache.ScanAssembly (0ms)
			ScanForSourceGeneratedMonoScriptInfo (19ms)
			ResolveRequiredComponents (7ms)
	FinalizeReload (929ms)
		ReleaseScriptCaches (0ms)
		RebuildScriptCaches (0ms)
		SetupLoadedEditorAssemblies (453ms)
			LogAssemblyErrors (0ms)
			InitializePlatformSupportModulesInManaged (6ms)
			SetLoadedEditorAssemblies (3ms)
			RefreshPlugins (0ms)
			BeforeProcessingInitializeOnLoad (65ms)
			ProcessInitializeOnLoadAttributes (345ms)
			ProcessInitializeOnLoadMethodAttributes (29ms)
			AfterProcessingInitializeOnLoad (4ms)
			EditorAssembliesLoaded (0ms)
		ExecutionOrderSort2 (0ms)
		AwakeInstancesAfterBackupRestoration (13ms)
Refreshing native plugins compatible for Editor in 3.07 ms, found 4 plugins.
Preloading 0 native plugins for Editor in 0.00 ms.
Unloading 4550 Unused Serialized files (Serialized files now loaded: 0)
Unloading 39 unused Assets / (107.6 KB). Loaded Objects now: 5075.
Memory consumption went from 158.1 MB to 158.0 MB.
Total: 3.385000 ms (FindLiveObjects: 0.242700 ms CreateObjectMapping: 0.127500 ms MarkObjects: 2.948800 ms  DeleteObjects: 0.065100 ms)

Prepare: number of updated asset objects reloaded= 0
AssetImportParameters requested are different than current active one (requested -> active):
  custom:container-demuxer-ogg: 62fdf1f143b41e24485cea50d1cbac27 -> 
  custom:video-codec-MediaFoundation-h265: 746d11721c4dcdbdad8f713fa42b33f4 -> 
  custom:video-decoder-ogg-theora: a1e56fd34408186e4bbccfd4996cb3dc -> 
  custom:framework-win-MediaFoundation: 216162199b28c13a410421893ffa2e32 -> 
  custom:CustomObjectIndexerAttribute: 43b350a4d6e6d1791af0b5038c4bea17 -> 
  custom:container-demuxer-webm: 4f35f7cbe854078d1ac9338744f61a02 -> 
  custom:container-muxer-webm: aa71ff27fc2769a1b78a27578f13a17b -> 
  custom:video-decoder-webm-vp8: 9c59270c3fd7afecdb556c50c9e8de78 -> 
  custom:SearchIndexIgnoredProperties: e643bd26f0fe6173181afceb89e7c659 -> 
  custom:AudioImporter_EditorPlatform: d09bf68614088b80899f8185d706f6e7 -> 
  custom:video-encoder-webm-vp8: eb34c28f22e8b96e1ab97ce403110664 -> 
  custom:audio-decoder-ogg-vorbis: bf7c407c2cedff20999df2af8eb42d56 -> 
  custom:audio-encoder-webm-vorbis: bf7c407c2cedff20999df2af8eb42d56 -> 
========================================================================
Received Import Request.
  Time since last request: 1316.488364 seconds.
  path: Assets/ParticleCloudWhite.png
  artifactKey: Guid(504d794f4c7f6dd4097f8a12c66692ee) Importer(815301076,1909f56bfc062723c751e8b465ee728b)
Start importing Assets/ParticleCloudWhite.png using Guid(504d794f4c7f6dd4097f8a12c66692ee) Importer(815301076,1909f56bfc062723c751e8b465ee728b)  -> (artifact id: '063d8c872f827bbb8941fb8b79239c38') in 0.190809 seconds
Number of updated asset objects reloaded before import = 0
Number of asset objects unloaded after import = 3
========================================================================
Received Import Request.
  Time since last request: 82.533715 seconds.
  path: Assets/Materials
  artifactKey: Guid(0e0299462dc0c0048ba7580195a5571c) Importer(815301076,1909f56bfc062723c751e8b465ee728b)
Start importing Assets/Materials using Guid(0e0299462dc0c0048ba7580195a5571c) Importer(815301076,1909f56bfc062723c751e8b465ee728b)  -> (artifact id: 'c7a90a580483e4e7979800c4fd750c6a') in 0.001148 seconds
Number of updated asset objects reloaded before import = 0
Number of asset objects unloaded after import = 0
========================================================================
Received Import Request.
  Time since last request: 0.030961 seconds.
  path: Assets/Materials/Frictionless.physicMaterial
  artifactKey: Guid(7c351c4fcc36d004296340d4b47f1b82) Importer(815301076,1909f56bfc062723c751e8b465ee728b)
Start importing Assets/Materials/Frictionless.physicMaterial using Guid(7c351c4fcc36d004296340d4b47f1b82) Importer(815301076,1909f56bfc062723c751e8b465ee728b)  -> (artifact id: '6392204d33aacd860fa624b51d924c7f') in 0.001581 seconds
Number of updated asset objects reloaded before import = 0
Number of asset objects unloaded after import = 0
========================================================================
Received Import Request.
  Time since last request: 40.917577 seconds.
  path: Assets/Materials/NewSurfaceShader.shader
  artifactKey: Guid(1b4923da0f545f74f8ed7dc02abc340d) Importer(815301076,1909f56bfc062723c751e8b465ee728b)
Start importing Assets/Materials/NewSurfaceShader.shader using Guid(1b4923da0f545f74f8ed7dc02abc340d) Importer(815301076,1909f56bfc062723c751e8b465ee728b)  -> (artifact id: '86273dd26edee974ab2c61fb80f3e2f7') in 0.003699 seconds
Number of updated asset objects reloaded before import = 0
Number of asset objects unloaded after import = 1
========================================================================
Received Import Request.
  Time since last request: 9.073790 seconds.
  path: Assets/Materials/Fog.mat
  artifactKey: Guid(8d847c983bd3f014f8733ed87b20438d) Importer(815301076,1909f56bfc062723c751e8b465ee728b)
Start importing Assets/Materials/Fog.mat using Guid(8d847c983bd3f014f8733ed87b20438d) Importer(815301076,1909f56bfc062723c751e8b465ee728b)  -> (artifact id: 'e3fd9b0d51572a7466b3cab34a8290c8') in 0.064272 seconds
Number of updated asset objects reloaded before import = 0
Number of asset objects unloaded after import = 1
========================================================================
Received Import Request.
  Time since last request: 2248.952875 seconds.
  path: Assets/Penguin/PenguinFBX.fbx
  artifactKey: Guid(8d64aa435677a064ca9f3accc6aa6c9f) Importer(815301076,1909f56bfc062723c751e8b465ee728b)
Start importing Assets/Penguin/PenguinFBX.fbx using Guid(8d64aa435677a064ca9f3accc6aa6c9f) Importer(815301076,1909f56bfc062723c751e8b465ee728b)  -> (artifact id: 'd4a9d493f557a14290f6e63d34cc9226') in 0.060217 seconds
Number of updated asset objects reloaded before import = 0
Number of asset objects unloaded after import = 39
========================================================================
Received Import Request.
  Time since last request: 0.000027 seconds.
  path: Assets/Free Voxel Christmas Pack/Models/Snowmans/Snowman_Body_2.obj
  artifactKey: Guid(9ebe045abb2fe114db2643db4c1c8c72) Importer(815301076,1909f56bfc062723c751e8b465ee728b)
Start importing Assets/Free Voxel Christmas Pack/Models/Snowmans/Snowman_Body_2.obj using Guid(9ebe045abb2fe114db2643db4c1c8c72) Importer(815301076,1909f56bfc062723c751e8b465ee728b)  -> (artifact id: '5b517b519ca14a003710b09a323b8fa1') in 0.031231 seconds
Number of updated asset objects reloaded before import = 0
Number of asset objects unloaded after import = 10
========================================================================
Received Import Request.
  Time since last request: 0.000017 seconds.
  path: Assets/Free Voxel Christmas Pack/Models/Snowmans/Snowman_Body_1.obj
  artifactKey: Guid(eedd74588f3acdc499ebdb7f3d9e9d6e) Importer(815301076,1909f56bfc062723c751e8b465ee728b)
Start importing Assets/Free Voxel Christmas Pack/Models/Snowmans/Snowman_Body_1.obj using Guid(eedd74588f3acdc499ebdb7f3d9e9d6e) Importer(815301076,1909f56bfc062723c751e8b465ee728b)  -> (artifact id: '389622cf6abd12120ebef4cfbc872fca') in 0.028658 seconds
Number of updated asset objects reloaded before import = 0
Number of asset objects unloaded after import = 10
========================================================================
Received Import Request.
  Time since last request: 0.000019 seconds.
  path: Assets/Free Voxel Christmas Pack/Models/Gifts/Small_Gift_4.obj
  artifactKey: Guid(e1f722c6c596d4a4ea0edd88b3e4f141) Importer(815301076,1909f56bfc062723c751e8b465ee728b)
Start importing Assets/Free Voxel Christmas Pack/Models/Gifts/Small_Gift_4.obj using Guid(e1f722c6c596d4a4ea0edd88b3e4f141) Importer(815301076,1909f56bfc062723c751e8b465ee728b)  -> (artifact id: 'c4e5845e9b23b8e5ee04c9fb5c373e3b') in 0.023465 seconds
Number of updated asset objects reloaded before import = 0
Number of asset objects unloaded after import = 10
========================================================================
Received Import Request.
  Time since last request: 0.000024 seconds.
  path: Assets/Free Voxel Christmas Pack/Models/Snowmans/Snowman_Body_3.obj
  artifactKey: Guid(0fd91d253d9410a439dd814237cdbaf6) Importer(815301076,1909f56bfc062723c751e8b465ee728b)
Start importing Assets/Free Voxel Christmas Pack/Models/Snowmans/Snowman_Body_3.obj using Guid(0fd91d253d9410a439dd814237cdbaf6) Importer(815301076,1909f56bfc062723c751e8b465ee728b)  -> (artifact id: 'a105e1e58b349686c67d6823e856d34d') in 0.024087 seconds
Number of updated asset objects reloaded before import = 0
Number of asset objects unloaded after import = 10
========================================================================
Received Import Request.
  Time since last request: 1.432659 seconds.
  path: Assets/Free Voxel Christmas Pack/Models/Snowmans/Snowman_Body_4.obj
  artifactKey: Guid(f2a7745a9ca276f4fbc702f6a8e2fa5a) Importer(815301076,1909f56bfc062723c751e8b465ee728b)
Start importing Assets/Free Voxel Christmas Pack/Models/Snowmans/Snowman_Body_4.obj using Guid(f2a7745a9ca276f4fbc702f6a8e2fa5a) Importer(815301076,1909f56bfc062723c751e8b465ee728b)  -> (artifact id: '7bcfe278cdb332fa3481ef22ab85ebde') in 0.025660 seconds
Number of updated asset objects reloaded before import = 0
Number of asset objects unloaded after import = 10
========================================================================
Received Import Request.
  Time since last request: 0.044637 seconds.
  path: Assets/Free Voxel Christmas Pack/Models/Snowmans/Snowman_Hand_2.obj
  artifactKey: Guid(dbe050ba4c728cd4b9dd802abba89e63) Importer(815301076,1909f56bfc062723c751e8b465ee728b)
Start importing Assets/Free Voxel Christmas Pack/Models/Snowmans/Snowman_Hand_2.obj using Guid(dbe050ba4c728cd4b9dd802abba89e63) Importer(815301076,1909f56bfc062723c751e8b465ee728b)  -> (artifact id: '9421cf247c12fa8a422ec2801a1c95ac') in 0.028663 seconds
Number of updated asset objects reloaded before import = 0
Number of asset objects unloaded after import = 10
========================================================================
Received Import Request.
  Time since last request: 0.021539 seconds.
  path: Assets/Free Voxel Christmas Pack/Models/Snowmans/Snowman_Hat_1.obj
  artifactKey: Guid(39b7d56afc94ead4b990a3865fd57985) Importer(815301076,1909f56bfc062723c751e8b465ee728b)
Start importing Assets/Free Voxel Christmas Pack/Models/Snowmans/Snowman_Hat_1.obj using Guid(39b7d56afc94ead4b990a3865fd57985) Importer(815301076,1909f56bfc062723c751e8b465ee728b)  -> (artifact id: '39cdeae6e706e8913e5fcdd09395365d') in 0.025257 seconds
Number of updated asset objects reloaded before import = 0
Number of asset objects unloaded after import = 10
========================================================================
Received Import Request.
  Time since last request: 0.413490 seconds.
  path: Assets/Free Voxel Christmas Pack/Models/Snowmans/Snowman_Hat_3.obj
  artifactKey: Guid(5fd197ed589d9a34d98baae72c6c1a1a) Importer(815301076,1909f56bfc062723c751e8b465ee728b)
Start importing Assets/Free Voxel Christmas Pack/Models/Snowmans/Snowman_Hat_3.obj using Guid(5fd197ed589d9a34d98baae72c6c1a1a) Importer(815301076,1909f56bfc062723c751e8b465ee728b)  -> (artifact id: '27ad3fd8e39c3cb9c8bfb5d45cbb4eef') in 0.024096 seconds
Number of updated asset objects reloaded before import = 0
Number of asset objects unloaded after import = 10
========================================================================
Received Import Request.
  Time since last request: 0.000020 seconds.
  path: Assets/Free Voxel Christmas Pack/Models/Snowmans/Snowman_Head_3.obj
  artifactKey: Guid(8cd65dd103c932d4582b176a91b91def) Importer(815301076,1909f56bfc062723c751e8b465ee728b)
Start importing Assets/Free Voxel Christmas Pack/Models/Snowmans/Snowman_Head_3.obj using Guid(8cd65dd103c932d4582b176a91b91def) Importer(815301076,1909f56bfc062723c751e8b465ee728b)  -> (artifact id: 'dbed6c7b1f54b2aa1bf70670dbbbdedb') in 0.026612 seconds
Number of updated asset objects reloaded before import = 0
Number of asset objects unloaded after import = 10
========================================================================
Received Import Request.
  Time since last request: 0.026599 seconds.
  path: Assets/Free Voxel Christmas Pack/Models/Gifts/Small_Gift_2.obj
  artifactKey: Guid(6544f7421bc23e441b6414686a02a062) Importer(815301076,1909f56bfc062723c751e8b465ee728b)
Start importing Assets/Free Voxel Christmas Pack/Models/Gifts/Small_Gift_2.obj using Guid(6544f7421bc23e441b6414686a02a062) Importer(815301076,1909f56bfc062723c751e8b465ee728b)  -> (artifact id: '20fabe27b9ddb9919bc2b7053a073d1f') in 0.025390 seconds
Number of updated asset objects reloaded before import = 0
Number of asset objects unloaded after import = 10
========================================================================
Received Import Request.
  Time since last request: 0.500467 seconds.
  path: Assets/Free Voxel Christmas Pack/Models/Gifts/Big_Gift_5.obj
  artifactKey: Guid(20e2dad4712b29d4c98170cfeeeb9740) Importer(815301076,1909f56bfc062723c751e8b465ee728b)
Start importing Assets/Free Voxel Christmas Pack/Models/Gifts/Big_Gift_5.obj using Guid(20e2dad4712b29d4c98170cfeeeb9740) Importer(815301076,1909f56bfc062723c751e8b465ee728b)  -> (artifact id: 'bfa26297debb19ebcec135910d96ec56') in 0.025421 seconds
Number of updated asset objects reloaded before import = 0
Number of asset objects unloaded after import = 10
========================================================================
Received Import Request.
  Time since last request: 0.053749 seconds.
  path: Assets/Free Voxel Christmas Pack/Models/Christmas_Trees/Christmas tree_2.obj
  artifactKey: Guid(092cefab4c9b32546a498f5762686c96) Importer(815301076,1909f56bfc062723c751e8b465ee728b)
Start importing Assets/Free Voxel Christmas Pack/Models/Christmas_Trees/Christmas tree_2.obj using Guid(092cefab4c9b32546a498f5762686c96) Importer(815301076,1909f56bfc062723c751e8b465ee728b)  -> (artifact id: '5e73f85e28bc631f42ee49e56a8a346a') in 0.029097 seconds
Number of updated asset objects reloaded before import = 0
Number of asset objects unloaded after import = 10
========================================================================
Received Import Request.
  Time since last request: 0.033589 seconds.
  path: Assets/Free Voxel Christmas Pack/Models/Christmas_Trees/Christmas tree_4.obj
  artifactKey: Guid(26c97f3cbd5a5a54b88531b1d27c9435) Importer(815301076,1909f56bfc062723c751e8b465ee728b)
Start importing Assets/Free Voxel Christmas Pack/Models/Christmas_Trees/Christmas tree_4.obj using Guid(26c97f3cbd5a5a54b88531b1d27c9435) Importer(815301076,1909f56bfc062723c751e8b465ee728b)  -> (artifact id: '19fc166690bc6bf490122cac265d3487') in 0.025552 seconds
Number of updated asset objects reloaded before import = 0
Number of asset objects unloaded after import = 10
========================================================================
Received Import Request.
  Time since last request: 0.419842 seconds.
  path: Assets/Free Voxel Christmas Pack/Models/Environment/Bench_2.obj
  artifactKey: Guid(243fc243c0f51d74083e7548e451840b) Importer(815301076,1909f56bfc062723c751e8b465ee728b)
Start importing Assets/Free Voxel Christmas Pack/Models/Environment/Bench_2.obj using Guid(243fc243c0f51d74083e7548e451840b) Importer(815301076,1909f56bfc062723c751e8b465ee728b)  -> (artifact id: '5ce025aa861e7f197b675f1d94e644f3') in 0.028586 seconds
Number of updated asset objects reloaded before import = 0
Number of asset objects unloaded after import = 10
========================================================================
Received Import Request.
  Time since last request: 0.066950 seconds.
  path: Assets/Free Voxel Christmas Pack/Models/Environment/Fence_1.obj
  artifactKey: Guid(5f68860798e64c84d8b840ac69db4e2e) Importer(815301076,1909f56bfc062723c751e8b465ee728b)
Start importing Assets/Free Voxel Christmas Pack/Models/Environment/Fence_1.obj using Guid(5f68860798e64c84d8b840ac69db4e2e) Importer(815301076,1909f56bfc062723c751e8b465ee728b)  -> (artifact id: 'a583af655cd9e787f7ba587dfe97f7c1') in 0.026465 seconds
Number of updated asset objects reloaded before import = 0
Number of asset objects unloaded after import = 10
========================================================================
Received Import Request.
  Time since last request: 0.057025 seconds.
  path: Assets/Free Voxel Christmas Pack/Models/Snowmans/Snowman_Head_4.obj
  artifactKey: Guid(b5833cd3aa796c9429db1069c705631a) Importer(815301076,1909f56bfc062723c751e8b465ee728b)
Start importing Assets/Free Voxel Christmas Pack/Models/Snowmans/Snowman_Head_4.obj using Guid(b5833cd3aa796c9429db1069c705631a) Importer(815301076,1909f56bfc062723c751e8b465ee728b)  -> (artifact id: '9bf5b177ff066c064fbfe9b0ea2e9e26') in 0.026759 seconds
Number of updated asset objects reloaded before import = 0
Number of asset objects unloaded after import = 10
========================================================================
Received Import Request.
  Time since last request: 0.299525 seconds.
  path: Assets/Free Voxel Christmas Pack/Models/Environment/Snowdrift_1.obj
  artifactKey: Guid(61cd7892116a00848a441fc7a74279a8) Importer(815301076,1909f56bfc062723c751e8b465ee728b)
Start importing Assets/Free Voxel Christmas Pack/Models/Environment/Snowdrift_1.obj using Guid(61cd7892116a00848a441fc7a74279a8) Importer(815301076,1909f56bfc062723c751e8b465ee728b)  -> (artifact id: 'ee3ef830cf0e79336e64f988f3fc7ef6') in 0.030595 seconds
Number of updated asset objects reloaded before import = 0
Number of asset objects unloaded after import = 10
========================================================================
Received Import Request.
  Time since last request: 0.002033 seconds.
  path: Assets/Free Voxel Christmas Pack/Models/Environment/Snowdrift_3.obj
  artifactKey: Guid(97db4f95d7ab0eb488d2f63ed7fc8d67) Importer(815301076,1909f56bfc062723c751e8b465ee728b)
Start importing Assets/Free Voxel Christmas Pack/Models/Environment/Snowdrift_3.obj using Guid(97db4f95d7ab0eb488d2f63ed7fc8d67) Importer(815301076,1909f56bfc062723c751e8b465ee728b)  -> (artifact id: '651bc67c178ca8330c594680c289479f') in 0.031359 seconds
Number of updated asset objects reloaded before import = 0
Number of asset objects unloaded after import = 10
========================================================================
Received Import Request.
  Time since last request: 0.027275 seconds.
  path: Assets/Free Voxel Christmas Pack/Models/Gifts/Big_Gift_1.obj
  artifactKey: Guid(5f9aab5c954f1c94a94777aefe5d5894) Importer(815301076,1909f56bfc062723c751e8b465ee728b)
Start importing Assets/Free Voxel Christmas Pack/Models/Gifts/Big_Gift_1.obj using Guid(5f9aab5c954f1c94a94777aefe5d5894) Importer(815301076,1909f56bfc062723c751e8b465ee728b)  -> (artifact id: 'c016b2e218c18edc0838a153f3233e0a') in 0.025495 seconds
Number of updated asset objects reloaded before import = 0
Number of asset objects unloaded after import = 10
========================================================================
Received Import Request.
  Time since last request: 0.271286 seconds.
  path: Assets/Free Voxel Christmas Pack/Models/Gifts/Big_Gift_3.obj
  artifactKey: Guid(ab8e519ffbfcaa34db6c7bbdf8b28f45) Importer(815301076,1909f56bfc062723c751e8b465ee728b)
Start importing Assets/Free Voxel Christmas Pack/Models/Gifts/Big_Gift_3.obj using Guid(ab8e519ffbfcaa34db6c7bbdf8b28f45) Importer(815301076,1909f56bfc062723c751e8b465ee728b)  -> (artifact id: '37fc17494c90e91beaaf706ffb8a5281') in 0.028085 seconds
Number of updated asset objects reloaded before import = 0
Number of asset objects unloaded after import = 10
========================================================================
Received Import Request.
  Time since last request: 0.027698 seconds.
  path: Assets/Free Voxel Christmas Pack/Models/Christmas_Trees/Christmas tree_1.obj
  artifactKey: Guid(c74c6694c1e0fc340ab7bdbb374409a4) Importer(815301076,1909f56bfc062723c751e8b465ee728b)
Start importing Assets/Free Voxel Christmas Pack/Models/Christmas_Trees/Christmas tree_1.obj using Guid(c74c6694c1e0fc340ab7bdbb374409a4) Importer(815301076,1909f56bfc062723c751e8b465ee728b)  -> (artifact id: '06fd908d3a4b53865ec4481af0296019') in 0.028111 seconds
Number of updated asset objects reloaded before import = 0
Number of asset objects unloaded after import = 10
========================================================================
Received Import Request.
  Time since last request: 398.445722 seconds.
  path: Assets/Penguin/Materials/PenguinFBX-PinguinBody__Pinguin_Skin__png.mat
  artifactKey: Guid(f55fedfd381a42141bbbe36aa38604a7) Importer(815301076,1909f56bfc062723c751e8b465ee728b)
Start importing Assets/Penguin/Materials/PenguinFBX-PinguinBody__Pinguin_Skin__png.mat using Guid(f55fedfd381a42141bbbe36aa38604a7) Importer(815301076,1909f56bfc062723c751e8b465ee728b)  -> (artifact id: '918b571ff6391cf9ceb2c65cbb4b4ad7') in 0.023086 seconds
Number of updated asset objects reloaded before import = 0
Number of asset objects unloaded after import = 1
========================================================================
Received Import Request.
  Time since last request: 0.000031 seconds.
  path: Assets/Penguin/Materials/PenguinFBXVoxelized-PinguinBody__Pinguin_Skin__png.002.mat
  artifactKey: Guid(0b1b97d5d1fc8464aa7fbf99c378f935) Importer(815301076,1909f56bfc062723c751e8b465ee728b)
Start importing Assets/Penguin/Materials/PenguinFBXVoxelized-PinguinBody__Pinguin_Skin__png.002.mat using Guid(0b1b97d5d1fc8464aa7fbf99c378f935) Importer(815301076,1909f56bfc062723c751e8b465ee728b)  -> (artifact id: '4508401d44bbe6afbcfebce1a7000e43') in 0.021231 seconds
Number of updated asset objects reloaded before import = 0
Number of asset objects unloaded after import = 1
========================================================================
Received Import Request.
  Time since last request: 648.488818 seconds.
  path: Assets/FreeMusicArchive/Jesse Spillane - Molten Snow.mp3
  artifactKey: Guid(dcb43995705baf74cb8c493d5010999c) Importer(815301076,1909f56bfc062723c751e8b465ee728b)
Start importing Assets/FreeMusicArchive/Jesse Spillane - Molten Snow.mp3 using Guid(dcb43995705baf74cb8c493d5010999c) Importer(815301076,1909f56bfc062723c751e8b465ee728b)  -> (artifact id: 'ccdf4e08f633109fd7f82dc58ab2a05a') in 0.063149 seconds
Number of updated asset objects reloaded before import = 0
Number of asset objects unloaded after import = 2
